<?xml version="1.0" encoding="UTF-8"?>
<!-- Generated by org.testng.reporters.JUnitReportReporter -->
<testsuite skipped="0" hostname="DESKTOP-FAAJO8O" name="BatchTesting.LoginTest" tests="2" failures="0" timestamp="2022-07-30T15:29:50 IST" time="0.004" errors="0">
  <testcase name="LoginByEmail" time="0.002" classname="BatchTesting.LoginTest"/>
  <system-out/>
  <testcase name="LoginByMobileNumber" time="0.002" classname="BatchTesting.LoginTest"/>
  <system-out/>
</testsuite> <!-- BatchTesting.LoginTest -->
