<?xml version="1.0" encoding="UTF-8"?>
<!-- Generated by org.testng.reporters.JUnitReportReporter -->
<testsuite skipped="0" hostname="DESKTOP-FAAJO8O" name="BatchTesting.PaymentTest" tests="2" failures="0" timestamp="2022-07-30T15:29:50 IST" time="0.014" errors="0">
  <testcase name="NetBanking" time="0.002" classname="BatchTesting.PaymentTest"/>
  <system-out/>
  <testcase name="CashOnDelivery" time="0.012" classname="BatchTesting.PaymentTest"/>
  <system-out/>
</testsuite> <!-- BatchTesting.PaymentTest -->
