<?xml version="1.0" encoding="UTF-8"?>
<!-- Generated by org.testng.reporters.JUnitReportReporter -->
<testsuite skipped="0" hostname="DESKTOP-FAAJO8O" name="BatchTesting.HomeScreenTest" tests="3" failures="0" timestamp="2022-07-30T15:29:50 IST" time="0.005" errors="0">
  <testcase name="LaunchAppkication" time="0.002" classname="BatchTesting.HomeScreenTest"/>
  <system-out/>
  <testcase name="VerifyLogo" time="0.002" classname="BatchTesting.HomeScreenTest"/>
  <system-out/>
  <testcase name="VerifyTitle" time="0.001" classname="BatchTesting.HomeScreenTest"/>
  <system-out/>
</testsuite> <!-- BatchTesting.HomeScreenTest -->
