<?xml version="1.0" encoding="UTF-8"?>
<!-- Generated by org.testng.reporters.JUnitReportReporter -->
<testsuite skipped="0" hostname="DESKTOP-FAAJO8O" name="DemoTest.Test1.InvocationCountDemo" tests="7" failures="0" timestamp="2022-07-30T16:50:53 IST" time="0.023" errors="0">
  <testcase name="testmethodOne" time="0.001" classname="DemoTest.Test1.InvocationCountDemo"/>
  <system-out/>
  <testcase name="testmethodOne" time="0.003" classname="DemoTest.Test1.InvocationCountDemo"/>
  <system-out/>
  <testcase name="testmethodTwo" time="0.001" classname="DemoTest.Test1.InvocationCountDemo"/>
  <system-out/>
  <testcase name="testmethodOne" time="0.001" classname="DemoTest.Test1.InvocationCountDemo"/>
  <system-out/>
  <testcase name="testmethodOne" time="0.013" classname="DemoTest.Test1.InvocationCountDemo"/>
  <system-out/>
  <testcase name="testmethodTwo" time="0.003" classname="DemoTest.Test1.InvocationCountDemo"/>
  <system-out/>
  <testcase name="testmethodOne" time="0.001" classname="DemoTest.Test1.InvocationCountDemo"/>
  <system-out/>
</testsuite> <!-- DemoTest.Test1.InvocationCountDemo -->
