<?xml version="1.0" encoding="UTF-8"?>
<!-- Generated by org.testng.reporters.JUnitReportReporter -->
<testsuite skipped="0" hostname="DESKTOP-FAAJO8O" name="DemoTest.Test1.InvocationCountDemo2" tests="6" failures="0" timestamp="2022-07-30T17:01:12 IST" time="0.027" errors="0">
  <testcase name="TEST1" time="0.003" classname="DemoTest.Test1.InvocationCountDemo2"/>
  <system-out/>
  <testcase name="TEST2" time="0.002" classname="DemoTest.Test1.InvocationCountDemo2"/>
  <system-out/>
  <testcase name="TEST2" time="0.003" classname="DemoTest.Test1.InvocationCountDemo2"/>
  <system-out/>
  <testcase name="TEST1" time="0.013" classname="DemoTest.Test1.InvocationCountDemo2"/>
  <system-out/>
  <testcase name="TEST2" time="0.002" classname="DemoTest.Test1.InvocationCountDemo2"/>
  <system-out/>
  <testcase name="TEST2" time="0.004" classname="DemoTest.Test1.InvocationCountDemo2"/>
  <system-out/>
</testsuite> <!-- DemoTest.Test1.InvocationCountDemo2 -->
