<?xml version="1.0" encoding="UTF-8"?>
<!-- Generated by org.testng.reporters.JUnitReportReporter -->
<testsuite skipped="0" hostname="DESKTOP-FAAJO8O" name="DemoTest.Test1.AssertionDemo" tests="1" failures="0" timestamp="2022-07-30T13:55:53 IST" time="11.059" errors="0">
  <testcase name="TestMethod" time="11.059" classname="DemoTest.Test1.AssertionDemo"/>
  <system-out/>
</testsuite> <!-- DemoTest.Test1.AssertionDemo -->
